# JRE version: OpenJDK Runtime Environment Temurin-21.0.10+7 (21.0.10+7) (build 21.0.10+7-LTS)
# Java VM: OpenJDK 64-Bit Server VM Temurin-21.0.10+7 (21.0.10+7-LTS, mixed mode, sharing, tiered, compressed oops, compressed class ptrs, parallel gc, windows-amd64)
GC Precious Log:
 CardTable entry size: 512
 CPUs: 12 total, 12 available
 Memory: 16068M
 Large Page Support: Disabled
 NUMA Support: Disabled
 Compressed Oops: Enabled (32-bit)
 Alignments: Space 512K, Generation 512K, Heap 2M
 Heap Min Capacity: 100M
 Heap Initial Capacity: 100M
 Heap Max Capacity: 2G
 Pre-touch: Disabled
 Parallel Workers: 10
Heap:
 PSYoungGen      total 6656K, used 6417K [0x00000000d5580000, 0x00000000d5d80000, 0x0000000100000000)
  eden space 5120K, 100% used [0x00000000d5580000,0x00000000d5a80000,0x00000000d5a80000)
  from space 1536K, 84% used [0x00000000d5c00000,0x00000000d5d44540,0x00000000d5d80000)
  to   space 1536K, 85% used [0x00000000d5a80000,0x00000000d5bc99a8,0x00000000d5c00000)
 ParOldGen       total 202240K, used 202222K [0x0000000080000000, 0x000000008c580000, 0x00000000d5580000)
  object space 202240K, 99% used [0x0000000080000000,0x000000008c57b9b0,0x000000008c580000)
 Metaspace       used 66409K, committed 67904K, reserved 1114112K
  class space    used 7214K, committed 7872K, reserved 1048576K
GC Heap History (20 events):
Event: 39.115 GC heap before
{Heap before GC invocations=142 (full 3):
 PSYoungGen      total 6656K, used 6465K [0x00000000d5580000, 0x00000000d5d80000, 0x0000000100000000)
  eden space 5120K, 100% used [0x00000000d5580000,0x00000000d5a80000,0x00000000d5a80000)
  from space 1536K, 87% used [0x00000000d5c00000,0x00000000d5d50440,0x00000000d5d80000)
  to   space 1536K, 0% used [0x00000000d5a80000,0x00000000d5a80000,0x00000000d5c00000)
 ParOldGen       total 190464K, used 190204K [0x0000000080000000, 0x000000008ba00000, 0x00000000d5580000)
  object space 190464K, 99% used [0x0000000080000000,0x000000008b9bf240,0x000000008ba00000)
 Metaspace       used 66026K, committed 67520K, reserved 1114112K
  class space    used 7207K, committed 7872K, reserved 1048576K
}
Event: 39.123 GC heap after
{Heap after GC invocations=142 (full 3):
 PSYoungGen      total 6656K, used 1287K [0x00000000d5580000, 0x00000000d5d80000, 0x0000000100000000)
  eden space 5120K, 0% used [0x00000000d5580000,0x00000000d5580000,0x00000000d5a80000)
  from space 1536K, 83% used [0x00000000d5a80000,0x00000000d5bc1f50,0x00000000d5c00000)
  to   space 1536K, 0% used [0x00000000d5c00000,0x00000000d5c00000,0x00000000d5d80000)
 ParOldGen       total 191488K, used 191382K [0x0000000080000000, 0x000000008bb00000, 0x00000000d5580000)
  object space 191488K, 99% used [0x0000000080000000,0x000000008bae5a80,0x000000008bb00000)
 Metaspace       used 66026K, committed 67520K, reserved 1114112K
  class space    used 7207K, committed 7872K, reserved 1048576K
}
Event: 39.166 GC heap before
{Heap before GC invocations=143 (full 3):
 PSYoungGen      total 6656K, used 6407K [0x00000000d5580000, 0x00000000d5d80000, 0x0000000100000000)
  eden space 5120K, 100% used [0x00000000d5580000,0x00000000d5a80000,0x00000000d5a80000)
  from space 1536K, 83% used [0x00000000d5a80000,0x00000000d5bc1f50,0x00000000d5c00000)
  to   space 1536K, 0% used [0x00000000d5c00000,0x00000000d5c00000,0x00000000d5d80000)
 ParOldGen       total 191488K, used 191382K [0x0000000080000000, 0x000000008bb00000, 0x00000000d5580000)
  object space 191488K, 99% used [0x0000000080000000,0x000000008bae5a80,0x000000008bb00000)
 Metaspace       used 66096K, committed 67584K, reserved 1114112K
  class space    used 7207K, committed 7872K, reserved 1048576K
}
Event: 39.174 GC heap after
{Heap after GC invocations=143 (full 3):
 PSYoungGen      total 6656K, used 1236K [0x00000000d5580000, 0x00000000d5d80000, 0x0000000100000000)
  eden space 5120K, 0% used [0x00000000d5580000,0x00000000d5580000,0x00000000d5a80000)
  from space 1536K, 80% used [0x00000000d5c00000,0x00000000d5d350d8,0x00000000d5d80000)
  to   space 1536K, 0% used [0x00000000d5a80000,0x00000000d5a80000,0x00000000d5c00000)
 ParOldGen       total 193024K, used 192563K [0x0000000080000000, 0x000000008bc80000, 0x00000000d5580000)
  object space 193024K, 99% used [0x0000000080000000,0x000000008bc0cf30,0x000000008bc80000)
 Metaspace       used 66096K, committed 67584K, reserved 1114112K
  class space    used 7207K, committed 7872K, reserved 1048576K
}
Event: 39.235 GC heap before
{Heap before GC invocations=144 (full 3):
 PSYoungGen      total 6656K, used 6356K [0x00000000d5580000, 0x00000000d5d80000, 0x0000000100000000)
  eden space 5120K, 100% used [0x00000000d5580000,0x00000000d5a80000,0x00000000d5a80000)
  from space 1536K, 80% used [0x00000000d5c00000,0x00000000d5d350d8,0x00000000d5d80000)
  to   space 1536K, 0% used [0x00000000d5a80000,0x00000000d5a80000,0x00000000d5c00000)
 ParOldGen       total 193024K, used 192563K [0x0000000080000000, 0x000000008bc80000, 0x00000000d5580000)
  object space 193024K, 99% used [0x0000000080000000,0x000000008bc0cf30,0x000000008bc80000)
 Metaspace       used 66144K, committed 67648K, reserved 1114112K
  class space    used 7207K, committed 7872K, reserved 1048576K
}
Event: 39.241 GC heap after
{Heap after GC invocations=144 (full 3):
 PSYoungGen      total 6656K, used 1045K [0x00000000d5580000, 0x00000000d5d80000, 0x0000000100000000)
  eden space 5120K, 0% used [0x00000000d5580000,0x00000000d5580000,0x00000000d5a80000)
  from space 1536K, 68% used [0x00000000d5a80000,0x00000000d5b85688,0x00000000d5c00000)
  to   space 1536K, 0% used [0x00000000d5c00000,0x00000000d5c00000,0x00000000d5d80000)
 ParOldGen       total 194048K, used 193656K [0x0000000080000000, 0x000000008bd80000, 0x00000000d5580000)
  object space 194048K, 99% used [0x0000000080000000,0x000000008bd1e070,0x000000008bd80000)
 Metaspace       used 66144K, committed 67648K, reserved 1114112K
  class space    used 7207K, committed 7872K, reserved 1048576K
}
Event: 39.286 GC heap before
{Heap before GC invocations=145 (full 3):
 PSYoungGen      total 6656K, used 6165K [0x00000000d5580000, 0x00000000d5d80000, 0x0000000100000000)
  eden space 5120K, 99% used [0x00000000d5580000,0x00000000d5a7feb0,0x00000000d5a80000)
  from space 1536K, 68% used [0x00000000d5a80000,0x00000000d5b85688,0x00000000d5c00000)
  to   space 1536K, 0% used [0x00000000d5c00000,0x00000000d5c00000,0x00000000d5d80000)
 ParOldGen       total 194048K, used 193656K [0x0000000080000000, 0x000000008bd80000, 0x00000000d5580000)
  object space 194048K, 99% used [0x0000000080000000,0x000000008bd1e070,0x000000008bd80000)
 Metaspace       used 66194K, committed 67648K, reserved 1114112K
  class space    used 7207K, committed 7872K, reserved 1048576K
}
Event: 39.303 GC heap after
{Heap after GC invocations=145 (full 3):
 PSYoungGen      total 6656K, used 1191K [0x00000000d5580000, 0x00000000d5d80000, 0x0000000100000000)
  eden space 5120K, 0% used [0x00000000d5580000,0x00000000d5580000,0x00000000d5a80000)
  from space 1536K, 77% used [0x00000000d5c00000,0x00000000d5d29ef8,0x00000000d5d80000)
  to   space 1536K, 0% used [0x00000000d5a80000,0x00000000d5a80000,0x00000000d5c00000)
 ParOldGen       total 195072K, used 194615K [0x0000000080000000, 0x000000008be80000, 0x00000000d5580000)
  object space 195072K, 99% used [0x0000000080000000,0x000000008be0dee8,0x000000008be80000)
 Metaspace       used 66194K, committed 67648K, reserved 1114112K
  class space    used 7207K, committed 7872K, reserved 1048576K
}
Event: 39.360 GC heap before
{Heap before GC invocations=146 (full 3):
 PSYoungGen      total 6656K, used 6311K [0x00000000d5580000, 0x00000000d5d80000, 0x0000000100000000)
  eden space 5120K, 100% used [0x00000000d5580000,0x00000000d5a80000,0x00000000d5a80000)
  from space 1536K, 77% used [0x00000000d5c00000,0x00000000d5d29ef8,0x00000000d5d80000)
  to   space 1536K, 0% used [0x00000000d5a80000,0x00000000d5a80000,0x00000000d5c00000)
 ParOldGen       total 195072K, used 194615K [0x0000000080000000, 0x000000008be80000, 0x00000000d5580000)
  object space 195072K, 99% used [0x0000000080000000,0x000000008be0dee8,0x000000008be80000)
 Metaspace       used 66203K, committed 67712K, reserved 1114112K
  class space    used 7207K, committed 7872K, reserved 1048576K
}
Event: 39.367 GC heap after
{Heap after GC invocations=146 (full 3):
 PSYoungGen      total 6656K, used 1357K [0x00000000d5580000, 0x00000000d5d80000, 0x0000000100000000)
  eden space 5120K, 0% used [0x00000000d5580000,0x00000000d5580000,0x00000000d5a80000)
  from space 1536K, 88% used [0x00000000d5a80000,0x00000000d5bd36d8,0x00000000d5c00000)
  to   space 1536K, 0% used [0x00000000d5c00000,0x00000000d5c00000,0x00000000d5d80000)
 ParOldGen       total 196096K, used 195707K [0x0000000080000000, 0x000000008bf80000, 0x00000000d5580000)
  object space 196096K, 99% used [0x0000000080000000,0x000000008bf1efe0,0x000000008bf80000)
 Metaspace       used 66203K, committed 67712K, reserved 1114112K
  class space    used 7207K, committed 7872K, reserved 1048576K
}
Event: 39.425 GC heap before
{Heap before GC invocations=147 (full 3):
 PSYoungGen      total 6656K, used 6477K [0x00000000d5580000, 0x00000000d5d80000, 0x0000000100000000)
  eden space 5120K, 100% used [0x00000000d5580000,0x00000000d5a80000,0x00000000d5a80000)
  from space 1536K, 88% used [0x00000000d5a80000,0x00000000d5bd36d8,0x00000000d5c00000)
  to   space 1536K, 0% used [0x00000000d5c00000,0x00000000d5c00000,0x00000000d5d80000)
 ParOldGen       total 196096K, used 195707K [0x0000000080000000, 0x000000008bf80000, 0x00000000d5580000)
  object space 196096K, 99% used [0x0000000080000000,0x000000008bf1efe0,0x000000008bf80000)
 Metaspace       used 66257K, committed 67712K, reserved 1114112K
  class space    used 7208K, committed 7872K, reserved 1048576K
}
Event: 39.431 GC heap after
{Heap after GC invocations=147 (full 3):
 PSYoungGen      total 6656K, used 1194K [0x00000000d5580000, 0x00000000d5d80000, 0x0000000100000000)
  eden space 5120K, 0% used [0x00000000d5580000,0x00000000d5580000,0x00000000d5a80000)
  from space 1536K, 77% used [0x00000000d5c00000,0x00000000d5d2aa18,0x00000000d5d80000)
  to   space 1536K, 0% used [0x00000000d5a80000,0x00000000d5a80000,0x00000000d5c00000)
 ParOldGen       total 197120K, used 196920K [0x0000000080000000, 0x000000008c080000, 0x00000000d5580000)
  object space 197120K, 99% used [0x0000000080000000,0x000000008c04e3f0,0x000000008c080000)
 Metaspace       used 66257K, committed 67712K, reserved 1114112K
  class space    used 7208K, committed 7872K, reserved 1048576K
}
Event: 39.476 GC heap before
{Heap before GC invocations=148 (full 3):
 PSYoungGen      total 6656K, used 6314K [0x00000000d5580000, 0x00000000d5d80000, 0x0000000100000000)
  eden space 5120K, 100% used [0x00000000d5580000,0x00000000d5a80000,0x00000000d5a80000)
  from space 1536K, 77% used [0x00000000d5c00000,0x00000000d5d2aa18,0x00000000d5d80000)
  to   space 1536K, 0% used [0x00000000d5a80000,0x00000000d5a80000,0x00000000d5c00000)
 ParOldGen       total 197120K, used 196920K [0x0000000080000000, 0x000000008c080000, 0x00000000d5580000)
  object space 197120K, 99% used [0x0000000080000000,0x000000008c04e3f0,0x000000008c080000)
 Metaspace       used 66279K, committed 67776K, reserved 1114112K
  class space    used 7208K, committed 7872K, reserved 1048576K
}
Event: 39.490 GC heap after
{Heap after GC invocations=148 (full 3):
 PSYoungGen      total 6656K, used 1220K [0x00000000d5580000, 0x00000000d5d80000, 0x0000000100000000)
  eden space 5120K, 0% used [0x00000000d5580000,0x00000000d5580000,0x00000000d5a80000)
  from space 1536K, 79% used [0x00000000d5a80000,0x00000000d5bb11f8,0x00000000d5c00000)
  to   space 1536K, 0% used [0x00000000d5c00000,0x00000000d5c00000,0x00000000d5d80000)
 ParOldGen       total 198144K, used 198029K [0x0000000080000000, 0x000000008c180000, 0x00000000d5580000)
  object space 198144K, 99% used [0x0000000080000000,0x000000008c1637f0,0x000000008c180000)
 Metaspace       used 66279K, committed 67776K, reserved 1114112K
  class space    used 7208K, committed 7872K, reserved 1048576K
}
Event: 39.518 GC heap before
{Heap before GC invocations=149 (full 3):
 PSYoungGen      total 6656K, used 6340K [0x00000000d5580000, 0x00000000d5d80000, 0x0000000100000000)
  eden space 5120K, 100% used [0x00000000d5580000,0x00000000d5a80000,0x00000000d5a80000)
  from space 1536K, 79% used [0x00000000d5a80000,0x00000000d5bb11f8,0x00000000d5c00000)
  to   space 1536K, 0% used [0x00000000d5c00000,0x00000000d5c00000,0x00000000d5d80000)
 ParOldGen       total 198144K, used 198029K [0x0000000080000000, 0x000000008c180000, 0x00000000d5580000)
  object space 198144K, 99% used [0x0000000080000000,0x000000008c1637f0,0x000000008c180000)
 Metaspace       used 66299K, committed 67776K, reserved 1114112K
  class space    used 7210K, committed 7872K, reserved 1048576K
}
Event: 39.526 GC heap after
{Heap after GC invocations=149 (full 3):
 PSYoungGen      total 6656K, used 1285K [0x00000000d5580000, 0x00000000d5d80000, 0x0000000100000000)
  eden space 5120K, 0% used [0x00000000d5580000,0x00000000d5580000,0x00000000d5a80000)
  from space 1536K, 83% used [0x00000000d5c00000,0x00000000d5d416c0,0x00000000d5d80000)
  to   space 1536K, 0% used [0x00000000d5a80000,0x00000000d5a80000,0x00000000d5c00000)
 ParOldGen       total 199168K, used 199137K [0x0000000080000000, 0x000000008c280000, 0x00000000d5580000)
  object space 199168K, 99% used [0x0000000080000000,0x000000008c278608,0x000000008c280000)
 Metaspace       used 66299K, committed 67776K, reserved 1114112K
  class space    used 7210K, committed 7872K, reserved 1048576K
}
Event: 39.579 GC heap before
{Heap before GC invocations=150 (full 3):
 PSYoungGen      total 6656K, used 6405K [0x00000000d5580000, 0x00000000d5d80000, 0x0000000100000000)
  eden space 5120K, 100% used [0x00000000d5580000,0x00000000d5a80000,0x00000000d5a80000)
  from space 1536K, 83% used [0x00000000d5c00000,0x00000000d5d416c0,0x00000000d5d80000)
  to   space 1536K, 0% used [0x00000000d5a80000,0x00000000d5a80000,0x00000000d5c00000)
 ParOldGen       total 199168K, used 199137K [0x0000000080000000, 0x000000008c280000, 0x00000000d5580000)
  object space 199168K, 99% used [0x0000000080000000,0x000000008c278608,0x000000008c280000)
 Metaspace       used 66305K, committed 67776K, reserved 1114112K
  class space    used 7210K, committed 7872K, reserved 1048576K
}
Event: 39.583 GC heap after
{Heap after GC invocations=150 (full 3):
 PSYoungGen      total 6656K, used 1353K [0x00000000d5580000, 0x00000000d5d80000, 0x0000000100000000)
  eden space 5120K, 0% used [0x00000000d5580000,0x00000000d5580000,0x00000000d5a80000)
  from space 1536K, 88% used [0x00000000d5a80000,0x00000000d5bd26f0,0x00000000d5c00000)
  to   space 1536K, 0% used [0x00000000d5c00000,0x00000000d5c00000,0x00000000d5d80000)
 ParOldGen       total 200704K, used 200272K [0x0000000080000000, 0x000000008c400000, 0x00000000d5580000)
  object space 200704K, 99% used [0x0000000080000000,0x000000008c394148,0x000000008c400000)
 Metaspace       used 66305K, committed 67776K, reserved 1114112K
  class space    used 7210K, committed 7872K, reserved 1048576K
}
Event: 39.643 GC heap before
{Heap before GC invocations=151 (full 3):
 PSYoungGen      total 6656K, used 6473K [0x00000000d5580000, 0x00000000d5d80000, 0x0000000100000000)
  eden space 5120K, 100% used [0x00000000d5580000,0x00000000d5a80000,0x00000000d5a80000)
  from space 1536K, 88% used [0x00000000d5a80000,0x00000000d5bd26f0,0x00000000d5c00000)
  to   space 1536K, 0% used [0x00000000d5c00000,0x00000000d5c00000,0x00000000d5d80000)
 ParOldGen       total 200704K, used 200272K [0x0000000080000000, 0x000000008c400000, 0x00000000d5580000)
  object space 200704K, 99% used [0x0000000080000000,0x000000008c394148,0x000000008c400000)
 Metaspace       used 66347K, committed 67840K, reserved 1114112K
  class space    used 7214K, committed 7872K, reserved 1048576K
}
Event: 39.648 GC heap after
{Heap after GC invocations=151 (full 3):
 PSYoungGen      total 6656K, used 1297K [0x00000000d5580000, 0x00000000d5d80000, 0x0000000100000000)
  eden space 5120K, 0% used [0x00000000d5580000,0x00000000d5580000,0x00000000d5a80000)
  from space 1536K, 84% used [0x00000000d5c00000,0x00000000d5d44540,0x00000000d5d80000)
  to   space 1536K, 0% used [0x00000000d5a80000,0x00000000d5a80000,0x00000000d5c00000)
 ParOldGen       total 201728K, used 201446K [0x0000000080000000, 0x000000008c500000, 0x00000000d5580000)
  object space 201728K, 99% used [0x0000000080000000,0x000000008c4b9b30,0x000000008c500000)
 Metaspace       used 66347K, committed 67840K, reserved 1114112K
  class space    used 7214K, committed 7872K, reserved 1048576K
}

