# JRE version: OpenJDK Runtime Environment Temurin-21.0.10+7 (21.0.10+7) (build 21.0.10+7-LTS)
# Java VM: OpenJDK 64-Bit Server VM Temurin-21.0.10+7 (21.0.10+7-LTS, mixed mode, sharing, tiered, compressed oops, compressed class ptrs, parallel gc, windows-amd64)
GC Precious Log:
 CardTable entry size: 512
 CPUs: 12 total, 12 available
 Memory: 16068M
 Large Page Support: Disabled
 NUMA Support: Disabled
 Compressed Oops: Enabled (32-bit)
 Alignments: Space 512K, Generation 512K, Heap 2M
 Heap Min Capacity: 100M
 Heap Initial Capacity: 100M
 Heap Max Capacity: 2G
 Pre-touch: Disabled
 Parallel Workers: 10
Heap:
 PSYoungGen      total 19968K, used 14847K [0x00000000d5580000, 0x00000000d6d80000, 0x0000000100000000)
  eden space 16896K, 71% used [0x00000000d5580000,0x00000000d615a4a8,0x00000000d6600000)
  from space 3072K, 88% used [0x00000000d6a80000,0x00000000d6d25838,0x00000000d6d80000)
  to   space 3584K, 0% used [0x00000000d6680000,0x00000000d6680000,0x00000000d6a00000)
 ParOldGen       total 68608K, used 35013K [0x0000000080000000, 0x0000000084300000, 0x00000000d5580000)
  object space 68608K, 51% used [0x0000000080000000,0x0000000082231688,0x0000000084300000)
 Metaspace       used 44582K, committed 45632K, reserved 1114112K
  class space    used 4443K, committed 4928K, reserved 1048576K
GC Heap History (20 events):
Event: 30.114 GC heap before
{Heap before GC invocations=15 (full 2):
 PSYoungGen      total 24064K, used 23040K [0x00000000d5580000, 0x00000000d7200000, 0x0000000100000000)
  eden space 23040K, 100% used [0x00000000d5580000,0x00000000d6c00000,0x00000000d6c00000)
  from space 1024K, 0% used [0x00000000d7100000,0x00000000d7100000,0x00000000d7200000)
  to   space 1024K, 0% used [0x00000000d6d00000,0x00000000d6d00000,0x00000000d6e00000)
 ParOldGen       total 68608K, used 15483K [0x0000000080000000, 0x0000000084300000, 0x00000000d5580000)
  object space 68608K, 22% used [0x0000000080000000,0x0000000080f1ee78,0x0000000084300000)
 Metaspace       used 36370K, committed 37248K, reserved 1114112K
  class space    used 3754K, committed 4160K, reserved 1048576K
}
Event: 30.120 GC heap after
{Heap after GC invocations=15 (full 2):
 PSYoungGen      total 23552K, used 992K [0x00000000d5580000, 0x00000000d7180000, 0x0000000100000000)
  eden space 22528K, 0% used [0x00000000d5580000,0x00000000d5580000,0x00000000d6b80000)
  from space 1024K, 96% used [0x00000000d6d00000,0x00000000d6df8020,0x00000000d6e00000)
  to   space 2560K, 0% used [0x00000000d6f00000,0x00000000d6f00000,0x00000000d7180000)
 ParOldGen       total 68608K, used 16472K [0x0000000080000000, 0x0000000084300000, 0x00000000d5580000)
  object space 68608K, 24% used [0x0000000080000000,0x0000000081016388,0x0000000084300000)
 Metaspace       used 36370K, committed 37248K, reserved 1114112K
  class space    used 3754K, committed 4160K, reserved 1048576K
}
Event: 30.708 GC heap before
{Heap before GC invocations=16 (full 2):
 PSYoungGen      total 23552K, used 23520K [0x00000000d5580000, 0x00000000d7180000, 0x0000000100000000)
  eden space 22528K, 100% used [0x00000000d5580000,0x00000000d6b80000,0x00000000d6b80000)
  from space 1024K, 96% used [0x00000000d6d00000,0x00000000d6df8020,0x00000000d6e00000)
  to   space 2560K, 0% used [0x00000000d6f00000,0x00000000d6f00000,0x00000000d7180000)
 ParOldGen       total 68608K, used 16472K [0x0000000080000000, 0x0000000084300000, 0x00000000d5580000)
  object space 68608K, 24% used [0x0000000080000000,0x0000000081016388,0x0000000084300000)
 Metaspace       used 36810K, committed 37696K, reserved 1114112K
  class space    used 3785K, committed 4160K, reserved 1048576K
}
Event: 30.720 GC heap after
{Heap after GC invocations=16 (full 2):
 PSYoungGen      total 24576K, used 2112K [0x00000000d5580000, 0x00000000d7180000, 0x0000000100000000)
  eden space 22016K, 0% used [0x00000000d5580000,0x00000000d5580000,0x00000000d6b00000)
  from space 2560K, 82% used [0x00000000d6f00000,0x00000000d7110010,0x00000000d7180000)
  to   space 2560K, 0% used [0x00000000d6c80000,0x00000000d6c80000,0x00000000d6f00000)
 ParOldGen       total 68608K, used 17389K [0x0000000080000000, 0x0000000084300000, 0x00000000d5580000)
  object space 68608K, 25% used [0x0000000080000000,0x00000000810fb700,0x0000000084300000)
 Metaspace       used 36810K, committed 37696K, reserved 1114112K
  class space    used 3785K, committed 4160K, reserved 1048576K
}
Event: 31.366 GC heap before
{Heap before GC invocations=17 (full 2):
 PSYoungGen      total 24576K, used 24128K [0x00000000d5580000, 0x00000000d7180000, 0x0000000100000000)
  eden space 22016K, 100% used [0x00000000d5580000,0x00000000d6b00000,0x00000000d6b00000)
  from space 2560K, 82% used [0x00000000d6f00000,0x00000000d7110010,0x00000000d7180000)
  to   space 2560K, 0% used [0x00000000d6c80000,0x00000000d6c80000,0x00000000d6f00000)
 ParOldGen       total 68608K, used 17389K [0x0000000080000000, 0x0000000084300000, 0x00000000d5580000)
  object space 68608K, 25% used [0x0000000080000000,0x00000000810fb700,0x0000000084300000)
 Metaspace       used 37607K, committed 38528K, reserved 1114112K
  class space    used 3900K, committed 4288K, reserved 1048576K
}
Event: 31.379 GC heap after
{Heap after GC invocations=17 (full 2):
 PSYoungGen      total 24064K, used 1969K [0x00000000d5580000, 0x00000000d6f80000, 0x0000000100000000)
  eden space 22016K, 0% used [0x00000000d5580000,0x00000000d5580000,0x00000000d6b00000)
  from space 2048K, 96% used [0x00000000d6c80000,0x00000000d6e6c430,0x00000000d6e80000)
  to   space 1024K, 0% used [0x00000000d6e80000,0x00000000d6e80000,0x00000000d6f80000)
 ParOldGen       total 68608K, used 19253K [0x0000000080000000, 0x0000000084300000, 0x00000000d5580000)
  object space 68608K, 28% used [0x0000000080000000,0x00000000812cd710,0x0000000084300000)
 Metaspace       used 37607K, committed 38528K, reserved 1114112K
  class space    used 3900K, committed 4288K, reserved 1048576K
}
Event: 31.916 GC heap before
{Heap before GC invocations=18 (full 2):
 PSYoungGen      total 24064K, used 23985K [0x00000000d5580000, 0x00000000d6f80000, 0x0000000100000000)
  eden space 22016K, 100% used [0x00000000d5580000,0x00000000d6b00000,0x00000000d6b00000)
  from space 2048K, 96% used [0x00000000d6c80000,0x00000000d6e6c430,0x00000000d6e80000)
  to   space 1024K, 0% used [0x00000000d6e80000,0x00000000d6e80000,0x00000000d6f80000)
 ParOldGen       total 68608K, used 19253K [0x0000000080000000, 0x0000000084300000, 0x00000000d5580000)
  object space 68608K, 28% used [0x0000000080000000,0x00000000812cd710,0x0000000084300000)
 Metaspace       used 38415K, committed 39360K, reserved 1114112K
  class space    used 3951K, committed 4352K, reserved 1048576K
}
Event: 31.931 GC heap after
{Heap after GC invocations=18 (full 2):
 PSYoungGen      total 22016K, used 994K [0x00000000d5580000, 0x00000000d7400000, 0x0000000100000000)
  eden space 20992K, 0% used [0x00000000d5580000,0x00000000d5580000,0x00000000d6a00000)
  from space 1024K, 97% used [0x00000000d6e80000,0x00000000d6f78800,0x00000000d6f80000)
  to   space 4608K, 0% used [0x00000000d6a00000,0x00000000d6a00000,0x00000000d6e80000)
 ParOldGen       total 68608K, used 22226K [0x0000000080000000, 0x0000000084300000, 0x00000000d5580000)
  object space 68608K, 32% used [0x0000000080000000,0x00000000815b4ad0,0x0000000084300000)
 Metaspace       used 38415K, committed 39360K, reserved 1114112K
  class space    used 3951K, committed 4352K, reserved 1048576K
}
Event: 32.189 GC heap before
{Heap before GC invocations=19 (full 2):
 PSYoungGen      total 22016K, used 21985K [0x00000000d5580000, 0x00000000d7400000, 0x0000000100000000)
  eden space 20992K, 99% used [0x00000000d5580000,0x00000000d69ffff8,0x00000000d6a00000)
  from space 1024K, 97% used [0x00000000d6e80000,0x00000000d6f78800,0x00000000d6f80000)
  to   space 4608K, 0% used [0x00000000d6a00000,0x00000000d6a00000,0x00000000d6e80000)
 ParOldGen       total 68608K, used 22226K [0x0000000080000000, 0x0000000084300000, 0x00000000d5580000)
  object space 68608K, 32% used [0x0000000080000000,0x00000000815b4ad0,0x0000000084300000)
 Metaspace       used 38795K, committed 39680K, reserved 1114112K
  class space    used 3976K, committed 4352K, reserved 1048576K
}
Event: 32.202 GC heap after
{Heap after GC invocations=19 (full 2):
 PSYoungGen      total 23552K, used 2148K [0x00000000d5580000, 0x00000000d7000000, 0x0000000100000000)
  eden space 20992K, 0% used [0x00000000d5580000,0x00000000d5580000,0x00000000d6a00000)
  from space 2560K, 83% used [0x00000000d6a00000,0x00000000d6c19000,0x00000000d6c80000)
  to   space 3072K, 0% used [0x00000000d6d00000,0x00000000d6d00000,0x00000000d7000000)
 ParOldGen       total 68608K, used 23145K [0x0000000080000000, 0x0000000084300000, 0x00000000d5580000)
  object space 68608K, 33% used [0x0000000080000000,0x000000008169a480,0x0000000084300000)
 Metaspace       used 38795K, committed 39680K, reserved 1114112K
  class space    used 3976K, committed 4352K, reserved 1048576K
}
Event: 32.453 GC heap before
{Heap before GC invocations=20 (full 2):
 PSYoungGen      total 23552K, used 23140K [0x00000000d5580000, 0x00000000d7000000, 0x0000000100000000)
  eden space 20992K, 100% used [0x00000000d5580000,0x00000000d6a00000,0x00000000d6a00000)
  from space 2560K, 83% used [0x00000000d6a00000,0x00000000d6c19000,0x00000000d6c80000)
  to   space 3072K, 0% used [0x00000000d6d00000,0x00000000d6d00000,0x00000000d7000000)
 ParOldGen       total 68608K, used 23145K [0x0000000080000000, 0x0000000084300000, 0x00000000d5580000)
  object space 68608K, 33% used [0x0000000080000000,0x000000008169a480,0x0000000084300000)
 Metaspace       used 39101K, committed 40064K, reserved 1114112K
  class space    used 4000K, committed 4416K, reserved 1048576K
}
Event: 32.467 GC heap after
{Heap after GC invocations=20 (full 2):
 PSYoungGen      total 23040K, used 2048K [0x00000000d5580000, 0x00000000d6f00000, 0x0000000100000000)
  eden space 20992K, 0% used [0x00000000d5580000,0x00000000d5580000,0x00000000d6a00000)
  from space 2048K, 100% used [0x00000000d6d00000,0x00000000d6f00000,0x00000000d6f00000)
  to   space 2560K, 0% used [0x00000000d6a00000,0x00000000d6a00000,0x00000000d6c80000)
 ParOldGen       total 68608K, used 25158K [0x0000000080000000, 0x0000000084300000, 0x00000000d5580000)
  object space 68608K, 36% used [0x0000000080000000,0x0000000081891aa8,0x0000000084300000)
 Metaspace       used 39101K, committed 40064K, reserved 1114112K
  class space    used 4000K, committed 4416K, reserved 1048576K
}
Event: 33.214 GC heap before
{Heap before GC invocations=21 (full 2):
 PSYoungGen      total 23040K, used 23040K [0x00000000d5580000, 0x00000000d6f00000, 0x0000000100000000)
  eden space 20992K, 100% used [0x00000000d5580000,0x00000000d6a00000,0x00000000d6a00000)
  from space 2048K, 100% used [0x00000000d6d00000,0x00000000d6f00000,0x00000000d6f00000)
  to   space 2560K, 0% used [0x00000000d6a00000,0x00000000d6a00000,0x00000000d6c80000)
 ParOldGen       total 68608K, used 25158K [0x0000000080000000, 0x0000000084300000, 0x00000000d5580000)
  object space 68608K, 36% used [0x0000000080000000,0x0000000081891aa8,0x0000000084300000)
 Metaspace       used 39251K, committed 40192K, reserved 1114112K
  class space    used 4005K, committed 4416K, reserved 1048576K
}
Event: 33.231 GC heap after
{Heap after GC invocations=21 (full 2):
 PSYoungGen      total 23552K, used 2328K [0x00000000d5580000, 0x00000000d6f00000, 0x0000000100000000)
  eden space 20992K, 0% used [0x00000000d5580000,0x00000000d5580000,0x00000000d6a00000)
  from space 2560K, 90% used [0x00000000d6a00000,0x00000000d6c46210,0x00000000d6c80000)
  to   space 2560K, 0% used [0x00000000d6c80000,0x00000000d6c80000,0x00000000d6f00000)
 ParOldGen       total 68608K, used 27054K [0x0000000080000000, 0x0000000084300000, 0x00000000d5580000)
  object space 68608K, 39% used [0x0000000080000000,0x0000000081a6baa8,0x0000000084300000)
 Metaspace       used 39251K, committed 40192K, reserved 1114112K
  class space    used 4005K, committed 4416K, reserved 1048576K
}
Event: 34.201 GC heap before
{Heap before GC invocations=22 (full 2):
 PSYoungGen      total 23552K, used 23320K [0x00000000d5580000, 0x00000000d6f00000, 0x0000000100000000)
  eden space 20992K, 100% used [0x00000000d5580000,0x00000000d6a00000,0x00000000d6a00000)
  from space 2560K, 90% used [0x00000000d6a00000,0x00000000d6c46210,0x00000000d6c80000)
  to   space 2560K, 0% used [0x00000000d6c80000,0x00000000d6c80000,0x00000000d6f00000)
 ParOldGen       total 68608K, used 27054K [0x0000000080000000, 0x0000000084300000, 0x00000000d5580000)
  object space 68608K, 39% used [0x0000000080000000,0x0000000081a6baa8,0x0000000084300000)
 Metaspace       used 40856K, committed 41856K, reserved 1114112K
  class space    used 4118K, committed 4544K, reserved 1048576K
}
Event: 34.216 GC heap after
{Heap after GC invocations=22 (full 2):
 PSYoungGen      total 19456K, used 2537K [0x00000000d5580000, 0x00000000d7700000, 0x0000000100000000)
  eden space 16896K, 0% used [0x00000000d5580000,0x00000000d5580000,0x00000000d6600000)
  from space 2560K, 99% used [0x00000000d6c80000,0x00000000d6efa480,0x00000000d6f00000)
  to   space 6656K, 0% used [0x00000000d6600000,0x00000000d6600000,0x00000000d6c80000)
 ParOldGen       total 68608K, used 30455K [0x0000000080000000, 0x0000000084300000, 0x00000000d5580000)
  object space 68608K, 44% used [0x0000000080000000,0x0000000081dbde08,0x0000000084300000)
 Metaspace       used 40856K, committed 41856K, reserved 1114112K
  class space    used 4118K, committed 4544K, reserved 1048576K
}
Event: 36.147 GC heap before
{Heap before GC invocations=23 (full 2):
 PSYoungGen      total 19456K, used 19433K [0x00000000d5580000, 0x00000000d7700000, 0x0000000100000000)
  eden space 16896K, 100% used [0x00000000d5580000,0x00000000d6600000,0x00000000d6600000)
  from space 2560K, 99% used [0x00000000d6c80000,0x00000000d6efa480,0x00000000d6f00000)
  to   space 6656K, 0% used [0x00000000d6600000,0x00000000d6600000,0x00000000d6c80000)
 ParOldGen       total 68608K, used 30455K [0x0000000080000000, 0x0000000084300000, 0x00000000d5580000)
  object space 68608K, 44% used [0x0000000080000000,0x0000000081dbde08,0x0000000084300000)
 Metaspace       used 42246K, committed 43264K, reserved 1114112K
  class space    used 4267K, committed 4672K, reserved 1048576K
}
Event: 36.158 GC heap after
{Heap after GC invocations=23 (full 2):
 PSYoungGen      total 20992K, used 3637K [0x00000000d5580000, 0x00000000d6f00000, 0x0000000100000000)
  eden space 16896K, 0% used [0x00000000d5580000,0x00000000d5580000,0x00000000d6600000)
  from space 4096K, 88% used [0x00000000d6600000,0x00000000d698d400,0x00000000d6a00000)
  to   space 4608K, 0% used [0x00000000d6a80000,0x00000000d6a80000,0x00000000d6f00000)
 ParOldGen       total 68608K, used 31861K [0x0000000080000000, 0x0000000084300000, 0x00000000d5580000)
  object space 68608K, 46% used [0x0000000080000000,0x0000000081f1d5d0,0x0000000084300000)
 Metaspace       used 42246K, committed 43264K, reserved 1114112K
  class space    used 4267K, committed 4672K, reserved 1048576K
}
Event: 37.941 GC heap before
{Heap before GC invocations=24 (full 2):
 PSYoungGen      total 20992K, used 20518K [0x00000000d5580000, 0x00000000d6f00000, 0x0000000100000000)
  eden space 16896K, 99% used [0x00000000d5580000,0x00000000d65fc528,0x00000000d6600000)
  from space 4096K, 88% used [0x00000000d6600000,0x00000000d698d400,0x00000000d6a00000)
  to   space 4608K, 0% used [0x00000000d6a80000,0x00000000d6a80000,0x00000000d6f00000)
 ParOldGen       total 68608K, used 31861K [0x0000000080000000, 0x0000000084300000, 0x00000000d5580000)
  object space 68608K, 46% used [0x0000000080000000,0x0000000081f1d5d0,0x0000000084300000)
 Metaspace       used 43577K, committed 44736K, reserved 1114112K
  class space    used 4412K, committed 4928K, reserved 1048576K
}
Event: 37.952 GC heap after
{Heap after GC invocations=24 (full 2):
 PSYoungGen      total 19968K, used 2710K [0x00000000d5580000, 0x00000000d6d80000, 0x0000000100000000)
  eden space 16896K, 0% used [0x00000000d5580000,0x00000000d5580000,0x00000000d6600000)
  from space 3072K, 88% used [0x00000000d6a80000,0x00000000d6d25838,0x00000000d6d80000)
  to   space 3584K, 0% used [0x00000000d6680000,0x00000000d6680000,0x00000000d6a00000)
 ParOldGen       total 68608K, used 35013K [0x0000000080000000, 0x0000000084300000, 0x00000000d5580000)
  object space 68608K, 51% used [0x0000000080000000,0x0000000082231688,0x0000000084300000)
 Metaspace       used 43577K, committed 44736K, reserved 1114112K
  class space    used 4412K, committed 4928K, reserved 1048576K
}

